<?xml version="1.0" encoding="UTF-8"?>
<testsuite xmlns:xsi="http://www.w3.org/2001/XMLSchema-instance" xsi:noNamespaceSchemaLocation="https://maven.apache.org/surefire/maven-surefire-plugin/xsd/surefire-test-report.xsd" name="com.example.demo.Demo1ApplicationTests" time="26.509" tests="1" errors="0" skipped="0" failures="0">
  <properties>
    <property name="sun.desktop" value="windows"/>
    <property name="awt.toolkit" value="sun.awt.windows.WToolkit"/>
    <property name="file.encoding.pkg" value="sun.io"/>
    <property name="java.specification.version" value="1.8"/>
    <property name="sun.cpu.isalist" value="amd64"/>
    <property name="sun.jnu.encoding" value="Cp1252"/>
    <property name="java.class.path" value="D:\Jacoco\target\test-classes;D:\Jacoco\target\generated-classes\cobertura;C:\ProgramData\Maven\.m2\repository\org\springframework\boot\spring-boot-starter-web\2.0.2.RELEASE\spring-boot-starter-web-2.0.2.RELEASE.jar;C:\ProgramData\Maven\.m2\repository\org\springframework\boot\spring-boot-starter\2.0.2.RELEASE\spring-boot-starter-2.0.2.RELEASE.jar;C:\ProgramData\Maven\.m2\repository\org\springframework\boot\spring-boot\2.0.2.RELEASE\spring-boot-2.0.2.RELEASE.jar;C:\ProgramData\Maven\.m2\repository\org\springframework\boot\spring-boot-autoconfigure\2.0.2.RELEASE\spring-boot-autoconfigure-2.0.2.RELEASE.jar;C:\ProgramData\Maven\.m2\repository\org\springframework\boot\spring-boot-starter-logging\2.0.2.RELEASE\spring-boot-starter-logging-2.0.2.RELEASE.jar;C:\ProgramData\Maven\.m2\repository\org\apache\logging\log4j\log4j-to-slf4j\2.10.0\log4j-to-slf4j-2.10.0.jar;C:\ProgramData\Maven\.m2\repository\org\apache\logging\log4j\log4j-api\2.10.0\log4j-api-2.10.0.jar;C:\ProgramData\Maven\.m2\repository\org\slf4j\jul-to-slf4j\1.7.25\jul-to-slf4j-1.7.25.jar;C:\ProgramData\Maven\.m2\repository\org\yaml\snakeyaml\1.19\snakeyaml-1.19.jar;C:\ProgramData\Maven\.m2\repository\org\springframework\boot\spring-boot-starter-json\2.0.2.RELEASE\spring-boot-starter-json-2.0.2.RELEASE.jar;C:\ProgramData\Maven\.m2\repository\com\fasterxml\jackson\core\jackson-databind\2.9.5\jackson-databind-2.9.5.jar;C:\ProgramData\Maven\.m2\repository\com\fasterxml\jackson\core\jackson-annotations\2.9.0\jackson-annotations-2.9.0.jar;C:\ProgramData\Maven\.m2\repository\com\fasterxml\jackson\core\jackson-core\2.9.5\jackson-core-2.9.5.jar;C:\ProgramData\Maven\.m2\repository\com\fasterxml\jackson\datatype\jackson-datatype-jdk8\2.9.5\jackson-datatype-jdk8-2.9.5.jar;C:\ProgramData\Maven\.m2\repository\com\fasterxml\jackson\datatype\jackson-datatype-jsr310\2.9.5\jackson-datatype-jsr310-2.9.5.jar;C:\ProgramData\Maven\.m2\repository\com\fasterxml\jackson\module\jackson-module-parameter-names\2.9.5\jackson-module-parameter-names-2.9.5.jar;C:\ProgramData\Maven\.m2\repository\org\hibernate\validator\hibernate-validator\6.0.9.Final\hibernate-validator-6.0.9.Final.jar;C:\ProgramData\Maven\.m2\repository\javax\validation\validation-api\2.0.1.Final\validation-api-2.0.1.Final.jar;C:\ProgramData\Maven\.m2\repository\org\jboss\logging\jboss-logging\3.3.2.Final\jboss-logging-3.3.2.Final.jar;C:\ProgramData\Maven\.m2\repository\com\fasterxml\classmate\1.3.4\classmate-1.3.4.jar;C:\ProgramData\Maven\.m2\repository\org\springframework\spring-web\5.0.6.RELEASE\spring-web-5.0.6.RELEASE.jar;C:\ProgramData\Maven\.m2\repository\org\springframework\spring-beans\5.0.6.RELEASE\spring-beans-5.0.6.RELEASE.jar;C:\ProgramData\Maven\.m2\repository\org\springframework\spring-webmvc\5.0.6.RELEASE\spring-webmvc-5.0.6.RELEASE.jar;C:\ProgramData\Maven\.m2\repository\org\springframework\spring-aop\5.0.6.RELEASE\spring-aop-5.0.6.RELEASE.jar;C:\ProgramData\Maven\.m2\repository\org\springframework\spring-context\5.0.6.RELEASE\spring-context-5.0.6.RELEASE.jar;C:\ProgramData\Maven\.m2\repository\org\springframework\spring-expression\5.0.6.RELEASE\spring-expression-5.0.6.RELEASE.jar;C:\ProgramData\Maven\.m2\repository\org\springframework\boot\spring-boot-starter-test\2.0.2.RELEASE\spring-boot-starter-test-2.0.2.RELEASE.jar;C:\ProgramData\Maven\.m2\repository\org\springframework\boot\spring-boot-test\2.0.2.RELEASE\spring-boot-test-2.0.2.RELEASE.jar;C:\ProgramData\Maven\.m2\repository\org\springframework\boot\spring-boot-test-autoconfigure\2.0.2.RELEASE\spring-boot-test-autoconfigure-2.0.2.RELEASE.jar;C:\ProgramData\Maven\.m2\repository\com\jayway\jsonpath\json-path\2.4.0\json-path-2.4.0.jar;C:\ProgramData\Maven\.m2\repository\net\minidev\json-smart\2.3\json-smart-2.3.jar;C:\ProgramData\Maven\.m2\repository\net\minidev\accessors-smart\1.2\accessors-smart-1.2.jar;C:\ProgramData\Maven\.m2\repository\org\ow2\asm\asm\5.0.4\asm-5.0.4.jar;C:\ProgramData\Maven\.m2\repository\org\slf4j\slf4j-api\1.7.25\slf4j-api-1.7.25.jar;C:\ProgramData\Maven\.m2\repository\junit\junit\4.12\junit-4.12.jar;C:\ProgramData\Maven\.m2\repository\org\assertj\assertj-core\3.9.1\assertj-core-3.9.1.jar;C:\ProgramData\Maven\.m2\repository\org\mockito\mockito-core\2.15.0\mockito-core-2.15.0.jar;C:\ProgramData\Maven\.m2\repository\net\bytebuddy\byte-buddy\1.7.11\byte-buddy-1.7.11.jar;C:\ProgramData\Maven\.m2\repository\net\bytebuddy\byte-buddy-agent\1.7.11\byte-buddy-agent-1.7.11.jar;C:\ProgramData\Maven\.m2\repository\org\objenesis\objenesis\2.6\objenesis-2.6.jar;C:\ProgramData\Maven\.m2\repository\org\hamcrest\hamcrest-core\1.3\hamcrest-core-1.3.jar;C:\ProgramData\Maven\.m2\repository\org\hamcrest\hamcrest-library\1.3\hamcrest-library-1.3.jar;C:\ProgramData\Maven\.m2\repository\org\skyscreamer\jsonassert\1.5.0\jsonassert-1.5.0.jar;C:\ProgramData\Maven\.m2\repository\com\vaadin\external\google\android-json\0.0.20131108.vaadin1\android-json-0.0.20131108.vaadin1.jar;C:\ProgramData\Maven\.m2\repository\org\springframework\spring-core\5.0.6.RELEASE\spring-core-5.0.6.RELEASE.jar;C:\ProgramData\Maven\.m2\repository\org\springframework\spring-jcl\5.0.6.RELEASE\spring-jcl-5.0.6.RELEASE.jar;C:\ProgramData\Maven\.m2\repository\org\springframework\spring-test\5.0.6.RELEASE\spring-test-5.0.6.RELEASE.jar;C:\ProgramData\Maven\.m2\repository\org\xmlunit\xmlunit-core\2.5.1\xmlunit-core-2.5.1.jar;C:\ProgramData\Maven\.m2\repository\org\springframework\boot\spring-boot-starter-tomcat\2.0.2.RELEASE\spring-boot-starter-tomcat-2.0.2.RELEASE.jar;C:\ProgramData\Maven\.m2\repository\javax\annotation\javax.annotation-api\1.3.2\javax.annotation-api-1.3.2.jar;C:\ProgramData\Maven\.m2\repository\org\apache\tomcat\embed\tomcat-embed-core\8.5.31\tomcat-embed-core-8.5.31.jar;C:\ProgramData\Maven\.m2\repository\org\apache\tomcat\embed\tomcat-embed-el\8.5.31\tomcat-embed-el-8.5.31.jar;C:\ProgramData\Maven\.m2\repository\org\apache\tomcat\embed\tomcat-embed-websocket\8.5.31\tomcat-embed-websocket-8.5.31.jar;C:\ProgramData\Maven\.m2\repository\org\springframework\boot\spring-boot-starter-actuator\2.0.2.RELEASE\spring-boot-starter-actuator-2.0.2.RELEASE.jar;C:\ProgramData\Maven\.m2\repository\org\springframework\boot\spring-boot-actuator-autoconfigure\2.0.2.RELEASE\spring-boot-actuator-autoconfigure-2.0.2.RELEASE.jar;C:\ProgramData\Maven\.m2\repository\org\springframework\boot\spring-boot-actuator\2.0.2.RELEASE\spring-boot-actuator-2.0.2.RELEASE.jar;C:\ProgramData\Maven\.m2\repository\io\micrometer\micrometer-core\1.0.4\micrometer-core-1.0.4.jar;C:\ProgramData\Maven\.m2\repository\org\hdrhistogram\HdrHistogram\2.1.10\HdrHistogram-2.1.10.jar;C:\ProgramData\Maven\.m2\repository\org\latencyutils\LatencyUtils\2.0.3\LatencyUtils-2.0.3.jar;C:\ProgramData\Maven\.m2\repository\javax\servlet\jstl\1.2\jstl-1.2.jar;C:\ProgramData\Maven\.m2\repository\org\apache\tomcat\embed\tomcat-embed-jasper\8.5.31\tomcat-embed-jasper-8.5.31.jar;C:\ProgramData\Maven\.m2\repository\org\eclipse\jdt\ecj\3.12.3\ecj-3.12.3.jar;C:\ProgramData\Maven\.m2\repository\org\eclipse\jdt\core\compiler\ecj\4.6.1\ecj-4.6.1.jar;C:\ProgramData\Maven\.m2\repository\org\webjars\bootstrap\3.3.7\bootstrap-3.3.7.jar;C:\ProgramData\Maven\.m2\repository\org\webjars\jquery\1.11.1\jquery-1.11.1.jar;C:\ProgramData\Maven\.m2\repository\net\sourceforge\cobertura\cobertura\2.1.1\cobertura-2.1.1.jar;C:\ProgramData\Maven\.m2\repository\jaxen\jaxen\1.1.6\jaxen-1.1.6.jar;C:\ProgramData\Maven\.m2\repository\org\apache\ant\ant\1.8.3\ant-1.8.3.jar;C:\ProgramData\Maven\.m2\repository\org\apache\ant\ant-launcher\1.8.3\ant-launcher-1.8.3.jar;C:\ProgramData\Maven\.m2\repository\org\apache\ant\ant-junit\1.8.3\ant-junit-1.8.3.jar;C:\ProgramData\Maven\.m2\repository\org\mortbay\jetty\servlet-api-2.5\6.1.14\servlet-api-2.5-6.1.14.jar;C:\ProgramData\Maven\.m2\repository\org\mortbay\jetty\jetty\6.1.14\jetty-6.1.14.jar;C:\ProgramData\Maven\.m2\repository\org\mortbay\jetty\jetty-util\6.1.14\jetty-util-6.1.14.jar;C:\Program Files\Java\jdk1.8.0_141\jre\..\lib\tools.jar;C:\ProgramData\Maven\.m2\repository\ch\qos\logback\logback-classic\1.2.3\logback-classic-1.2.3.jar;C:\ProgramData\Maven\.m2\repository\ch\qos\logback\logback-core\1.2.3\logback-core-1.2.3.jar;C:\ProgramData\Maven\.m2\repository\org\apache\commons\commons-lang3\3.7\commons-lang3-3.7.jar;"/>
    <property name="java.vm.vendor" value="Oracle Corporation"/>
    <property name="sun.arch.data.model" value="64"/>
    <property name="user.variant" value=""/>
    <property name="java.vendor.url" value="http://java.oracle.com/"/>
    <property name="user.timezone" value=""/>
    <property name="java.vm.specification.version" value="1.8"/>
    <property name="os.name" value="Windows 10"/>
    <property name="user.country" value="US"/>
    <property name="sun.java.launcher" value="SUN_STANDARD"/>
    <property name="sun.boot.library.path" value="C:\Program Files\Java\jdk1.8.0_141\jre\bin"/>
    <property name="sun.java.command" value="C:\Users\168822\AppData\Local\Temp\surefire3885942559793596279\surefirebooter7944891441147644777.jar C:\Users\168822\AppData\Local\Temp\surefire3885942559793596279 2018-07-03T11-50-43_959-jvmRun1 surefire5031040929091845341tmp surefire_18680661229065438612tmp"/>
    <property name="surefire.test.class.path" value="D:\Jacoco\target\test-classes;D:\Jacoco\target\generated-classes\cobertura;C:\ProgramData\Maven\.m2\repository\org\springframework\boot\spring-boot-starter-web\2.0.2.RELEASE\spring-boot-starter-web-2.0.2.RELEASE.jar;C:\ProgramData\Maven\.m2\repository\org\springframework\boot\spring-boot-starter\2.0.2.RELEASE\spring-boot-starter-2.0.2.RELEASE.jar;C:\ProgramData\Maven\.m2\repository\org\springframework\boot\spring-boot\2.0.2.RELEASE\spring-boot-2.0.2.RELEASE.jar;C:\ProgramData\Maven\.m2\repository\org\springframework\boot\spring-boot-autoconfigure\2.0.2.RELEASE\spring-boot-autoconfigure-2.0.2.RELEASE.jar;C:\ProgramData\Maven\.m2\repository\org\springframework\boot\spring-boot-starter-logging\2.0.2.RELEASE\spring-boot-starter-logging-2.0.2.RELEASE.jar;C:\ProgramData\Maven\.m2\repository\org\apache\logging\log4j\log4j-to-slf4j\2.10.0\log4j-to-slf4j-2.10.0.jar;C:\ProgramData\Maven\.m2\repository\org\apache\logging\log4j\log4j-api\2.10.0\log4j-api-2.10.0.jar;C:\ProgramData\Maven\.m2\repository\org\slf4j\jul-to-slf4j\1.7.25\jul-to-slf4j-1.7.25.jar;C:\ProgramData\Maven\.m2\repository\org\yaml\snakeyaml\1.19\snakeyaml-1.19.jar;C:\ProgramData\Maven\.m2\repository\org\springframework\boot\spring-boot-starter-json\2.0.2.RELEASE\spring-boot-starter-json-2.0.2.RELEASE.jar;C:\ProgramData\Maven\.m2\repository\com\fasterxml\jackson\core\jackson-databind\2.9.5\jackson-databind-2.9.5.jar;C:\ProgramData\Maven\.m2\repository\com\fasterxml\jackson\core\jackson-annotations\2.9.0\jackson-annotations-2.9.0.jar;C:\ProgramData\Maven\.m2\repository\com\fasterxml\jackson\core\jackson-core\2.9.5\jackson-core-2.9.5.jar;C:\ProgramData\Maven\.m2\repository\com\fasterxml\jackson\datatype\jackson-datatype-jdk8\2.9.5\jackson-datatype-jdk8-2.9.5.jar;C:\ProgramData\Maven\.m2\repository\com\fasterxml\jackson\datatype\jackson-datatype-jsr310\2.9.5\jackson-datatype-jsr310-2.9.5.jar;C:\ProgramData\Maven\.m2\repository\com\fasterxml\jackson\module\jackson-module-parameter-names\2.9.5\jackson-module-parameter-names-2.9.5.jar;C:\ProgramData\Maven\.m2\repository\org\hibernate\validator\hibernate-validator\6.0.9.Final\hibernate-validator-6.0.9.Final.jar;C:\ProgramData\Maven\.m2\repository\javax\validation\validation-api\2.0.1.Final\validation-api-2.0.1.Final.jar;C:\ProgramData\Maven\.m2\repository\org\jboss\logging\jboss-logging\3.3.2.Final\jboss-logging-3.3.2.Final.jar;C:\ProgramData\Maven\.m2\repository\com\fasterxml\classmate\1.3.4\classmate-1.3.4.jar;C:\ProgramData\Maven\.m2\repository\org\springframework\spring-web\5.0.6.RELEASE\spring-web-5.0.6.RELEASE.jar;C:\ProgramData\Maven\.m2\repository\org\springframework\spring-beans\5.0.6.RELEASE\spring-beans-5.0.6.RELEASE.jar;C:\ProgramData\Maven\.m2\repository\org\springframework\spring-webmvc\5.0.6.RELEASE\spring-webmvc-5.0.6.RELEASE.jar;C:\ProgramData\Maven\.m2\repository\org\springframework\spring-aop\5.0.6.RELEASE\spring-aop-5.0.6.RELEASE.jar;C:\ProgramData\Maven\.m2\repository\org\springframework\spring-context\5.0.6.RELEASE\spring-context-5.0.6.RELEASE.jar;C:\ProgramData\Maven\.m2\repository\org\springframework\spring-expression\5.0.6.RELEASE\spring-expression-5.0.6.RELEASE.jar;C:\ProgramData\Maven\.m2\repository\org\springframework\boot\spring-boot-starter-test\2.0.2.RELEASE\spring-boot-starter-test-2.0.2.RELEASE.jar;C:\ProgramData\Maven\.m2\repository\org\springframework\boot\spring-boot-test\2.0.2.RELEASE\spring-boot-test-2.0.2.RELEASE.jar;C:\ProgramData\Maven\.m2\repository\org\springframework\boot\spring-boot-test-autoconfigure\2.0.2.RELEASE\spring-boot-test-autoconfigure-2.0.2.RELEASE.jar;C:\ProgramData\Maven\.m2\repository\com\jayway\jsonpath\json-path\2.4.0\json-path-2.4.0.jar;C:\ProgramData\Maven\.m2\repository\net\minidev\json-smart\2.3\json-smart-2.3.jar;C:\ProgramData\Maven\.m2\repository\net\minidev\accessors-smart\1.2\accessors-smart-1.2.jar;C:\ProgramData\Maven\.m2\repository\org\ow2\asm\asm\5.0.4\asm-5.0.4.jar;C:\ProgramData\Maven\.m2\repository\org\slf4j\slf4j-api\1.7.25\slf4j-api-1.7.25.jar;C:\ProgramData\Maven\.m2\repository\junit\junit\4.12\junit-4.12.jar;C:\ProgramData\Maven\.m2\repository\org\assertj\assertj-core\3.9.1\assertj-core-3.9.1.jar;C:\ProgramData\Maven\.m2\repository\org\mockito\mockito-core\2.15.0\mockito-core-2.15.0.jar;C:\ProgramData\Maven\.m2\repository\net\bytebuddy\byte-buddy\1.7.11\byte-buddy-1.7.11.jar;C:\ProgramData\Maven\.m2\repository\net\bytebuddy\byte-buddy-agent\1.7.11\byte-buddy-agent-1.7.11.jar;C:\ProgramData\Maven\.m2\repository\org\objenesis\objenesis\2.6\objenesis-2.6.jar;C:\ProgramData\Maven\.m2\repository\org\hamcrest\hamcrest-core\1.3\hamcrest-core-1.3.jar;C:\ProgramData\Maven\.m2\repository\org\hamcrest\hamcrest-library\1.3\hamcrest-library-1.3.jar;C:\ProgramData\Maven\.m2\repository\org\skyscreamer\jsonassert\1.5.0\jsonassert-1.5.0.jar;C:\ProgramData\Maven\.m2\repository\com\vaadin\external\google\android-json\0.0.20131108.vaadin1\android-json-0.0.20131108.vaadin1.jar;C:\ProgramData\Maven\.m2\repository\org\springframework\spring-core\5.0.6.RELEASE\spring-core-5.0.6.RELEASE.jar;C:\ProgramData\Maven\.m2\repository\org\springframework\spring-jcl\5.0.6.RELEASE\spring-jcl-5.0.6.RELEASE.jar;C:\ProgramData\Maven\.m2\repository\org\springframework\spring-test\5.0.6.RELEASE\spring-test-5.0.6.RELEASE.jar;C:\ProgramData\Maven\.m2\repository\org\xmlunit\xmlunit-core\2.5.1\xmlunit-core-2.5.1.jar;C:\ProgramData\Maven\.m2\repository\org\springframework\boot\spring-boot-starter-tomcat\2.0.2.RELEASE\spring-boot-starter-tomcat-2.0.2.RELEASE.jar;C:\ProgramData\Maven\.m2\repository\javax\annotation\javax.annotation-api\1.3.2\javax.annotation-api-1.3.2.jar;C:\ProgramData\Maven\.m2\repository\org\apache\tomcat\embed\tomcat-embed-core\8.5.31\tomcat-embed-core-8.5.31.jar;C:\ProgramData\Maven\.m2\repository\org\apache\tomcat\embed\tomcat-embed-el\8.5.31\tomcat-embed-el-8.5.31.jar;C:\ProgramData\Maven\.m2\repository\org\apache\tomcat\embed\tomcat-embed-websocket\8.5.31\tomcat-embed-websocket-8.5.31.jar;C:\ProgramData\Maven\.m2\repository\org\springframework\boot\spring-boot-starter-actuator\2.0.2.RELEASE\spring-boot-starter-actuator-2.0.2.RELEASE.jar;C:\ProgramData\Maven\.m2\repository\org\springframework\boot\spring-boot-actuator-autoconfigure\2.0.2.RELEASE\spring-boot-actuator-autoconfigure-2.0.2.RELEASE.jar;C:\ProgramData\Maven\.m2\repository\org\springframework\boot\spring-boot-actuator\2.0.2.RELEASE\spring-boot-actuator-2.0.2.RELEASE.jar;C:\ProgramData\Maven\.m2\repository\io\micrometer\micrometer-core\1.0.4\micrometer-core-1.0.4.jar;C:\ProgramData\Maven\.m2\repository\org\hdrhistogram\HdrHistogram\2.1.10\HdrHistogram-2.1.10.jar;C:\ProgramData\Maven\.m2\repository\org\latencyutils\LatencyUtils\2.0.3\LatencyUtils-2.0.3.jar;C:\ProgramData\Maven\.m2\repository\javax\servlet\jstl\1.2\jstl-1.2.jar;C:\ProgramData\Maven\.m2\repository\org\apache\tomcat\embed\tomcat-embed-jasper\8.5.31\tomcat-embed-jasper-8.5.31.jar;C:\ProgramData\Maven\.m2\repository\org\eclipse\jdt\ecj\3.12.3\ecj-3.12.3.jar;C:\ProgramData\Maven\.m2\repository\org\eclipse\jdt\core\compiler\ecj\4.6.1\ecj-4.6.1.jar;C:\ProgramData\Maven\.m2\repository\org\webjars\bootstrap\3.3.7\bootstrap-3.3.7.jar;C:\ProgramData\Maven\.m2\repository\org\webjars\jquery\1.11.1\jquery-1.11.1.jar;C:\ProgramData\Maven\.m2\repository\net\sourceforge\cobertura\cobertura\2.1.1\cobertura-2.1.1.jar;C:\ProgramData\Maven\.m2\repository\jaxen\jaxen\1.1.6\jaxen-1.1.6.jar;C:\ProgramData\Maven\.m2\repository\org\apache\ant\ant\1.8.3\ant-1.8.3.jar;C:\ProgramData\Maven\.m2\repository\org\apache\ant\ant-launcher\1.8.3\ant-launcher-1.8.3.jar;C:\ProgramData\Maven\.m2\repository\org\apache\ant\ant-junit\1.8.3\ant-junit-1.8.3.jar;C:\ProgramData\Maven\.m2\repository\org\mortbay\jetty\servlet-api-2.5\6.1.14\servlet-api-2.5-6.1.14.jar;C:\ProgramData\Maven\.m2\repository\org\mortbay\jetty\jetty\6.1.14\jetty-6.1.14.jar;C:\ProgramData\Maven\.m2\repository\org\mortbay\jetty\jetty-util\6.1.14\jetty-util-6.1.14.jar;C:\Program Files\Java\jdk1.8.0_141\jre\..\lib\tools.jar;C:\ProgramData\Maven\.m2\repository\ch\qos\logback\logback-classic\1.2.3\logback-classic-1.2.3.jar;C:\ProgramData\Maven\.m2\repository\ch\qos\logback\logback-core\1.2.3\logback-core-1.2.3.jar;C:\ProgramData\Maven\.m2\repository\org\apache\commons\commons-lang3\3.7\commons-lang3-3.7.jar;"/>
    <property name="sun.cpu.endian" value="little"/>
    <property name="user.home" value="C:\Users\168822"/>
    <property name="user.language" value="en"/>
    <property name="java.specification.vendor" value="Oracle Corporation"/>
    <property name="java.home" value="C:\Program Files\Java\jdk1.8.0_141\jre"/>
    <property name="basedir" value="D:\Jacoco"/>
    <property name="file.separator" value="\"/>
    <property name="line.separator" value="&#10;"/>
    <property name="java.vm.specification.vendor" value="Oracle Corporation"/>
    <property name="java.specification.name" value="Java Platform API Specification"/>
    <property name="java.awt.graphicsenv" value="sun.awt.Win32GraphicsEnvironment"/>
    <property name="surefire.real.class.path" value="C:\Users\168822\AppData\Local\Temp\surefire3885942559793596279\surefirebooter7944891441147644777.jar"/>
    <property name="sun.boot.class.path" value="C:\Program Files\Java\jdk1.8.0_141\jre\lib\resources.jar;C:\Program Files\Java\jdk1.8.0_141\jre\lib\rt.jar;C:\Program Files\Java\jdk1.8.0_141\jre\lib\sunrsasign.jar;C:\Program Files\Java\jdk1.8.0_141\jre\lib\jsse.jar;C:\Program Files\Java\jdk1.8.0_141\jre\lib\jce.jar;C:\Program Files\Java\jdk1.8.0_141\jre\lib\charsets.jar;C:\Program Files\Java\jdk1.8.0_141\jre\lib\jfr.jar;C:\Program Files\Java\jdk1.8.0_141\jre\classes"/>
    <property name="user.script" value=""/>
    <property name="sun.management.compiler" value="HotSpot 64-Bit Tiered Compilers"/>
    <property name="java.runtime.version" value="1.8.0_141-b15"/>
    <property name="user.name" value="168822"/>
    <property name="path.separator" value=";"/>
    <property name="os.version" value="10.0"/>
    <property name="java.endorsed.dirs" value="C:\Program Files\Java\jdk1.8.0_141\jre\lib\endorsed"/>
    <property name="java.runtime.name" value="Java(TM) SE Runtime Environment"/>
    <property name="file.encoding" value="Cp1252"/>
    <property name="java.vm.name" value="Java HotSpot(TM) 64-Bit Server VM"/>
    <property name="localRepository" value="C:\ProgramData\Maven\.m2\repository"/>
    <property name="java.vendor.url.bug" value="http://bugreport.sun.com/bugreport/"/>
    <property name="java.io.tmpdir" value="C:\Users\168822\AppData\Local\Temp\"/>
    <property name="java.version" value="1.8.0_141"/>
    <property name="user.dir" value="D:\Jacoco"/>
    <property name="os.arch" value="amd64"/>
    <property name="java.vm.specification.name" value="Java Virtual Machine Specification"/>
    <property name="java.awt.printerjob" value="sun.awt.windows.WPrinterJob"/>
    <property name="sun.os.patch.level" value=""/>
    <property name="java.library.path" value="C:\Program Files\Java\jdk1.8.0_141\jre\bin;C:\WINDOWS\Sun\Java\bin;C:\WINDOWS\system32;C:\WINDOWS;C:/Program Files/Java/jre1.8.0_172/bin/server;C:/Program Files/Java/jre1.8.0_172/bin;C:/Program Files/Java/jre1.8.0_172/lib/amd64;C:\Program Files\Docker\Docker\Resources\bin;C:\Program Files (x86)\Common Files\Oracle\Java\javapath;C:\ProgramData\Oracle\Java\javapath;C:\WINDOWS\system32;C:\WINDOWS;C:\WINDOWS\System32\Wbem;C:\WINDOWS\System32\WindowsPowerShell\v1.0\;D:\AngularJS\;C:\Program Files (x86)\Microsoft SQL Server\110\Tools\Binn\;C:\Program Files (x86)\Microsoft SQL Server\110\DTS\Binn\;D:\apache-maven-3.5.4\bin;D:\sonar-scanner\bin;C:\Users\168822\AppData\Local\Microsoft\WindowsApps;C:\Users\168822\AppData\Roaming\npm;D:\Microsoft VS Code\bin;D:\spring-tool-suite-3.9.0.RELEASE-e4.7.0-win32-x86_64\sts-bundle\sts-3.9.0.RELEASE;;."/>
    <property name="java.vm.info" value="mixed mode"/>
    <property name="java.vendor" value="Oracle Corporation"/>
    <property name="java.vm.version" value="25.141-b15"/>
    <property name="java.ext.dirs" value="C:\Program Files\Java\jdk1.8.0_141\jre\lib\ext;C:\WINDOWS\Sun\Java\lib\ext"/>
    <property name="sun.io.unicode.encoding" value="UnicodeLittle"/>
    <property name="java.class.version" value="52.0"/>
  </properties>
  <testcase name="contextLoads" classname="com.example.demo.Demo1ApplicationTests" time="0"/>
</testsuite>